[2016.01.20 17:21:19.015088][tc_case_demo_1]: start to run...
[2016.01.20 17:21:19.015174][tc_case_demo_1#tc_bye]: start to run...
[2016.01.20 17:21:19.015235][tc_case_demo_1#tc_bye]: test success.
[2016.01.20 17:21:19.015281][tc_case_demo_1#tc_bye]: stop running.
[2016.01.20 17:21:19.015321][tc_case_demo_1#tc_hello]: start to run...
[2016.01.20 17:21:19.015376][tc_case_demo_1#tc_hello]: test failed:
Traceback (most recent call last):
  File "exec.py", line 4, in tc_hello
    assert False, 'hello'
AssertionError: hello
[2016.01.20 17:21:19.015564][tc_case_demo_1#tc_hello]: stop running.
[2016.01.20 17:21:19.015596][tc_case_demo_1]: stop running.

Test Build          /Users/wangming/workspace/atrs/workbench/case/tc_case_demo_1
Start Time          2016.01.20 17:21:19.015071
Stop Time           2016.01.20 17:21:19.015615
Duration            0.000544 seconds
Statistics
    All=2 Passed=1 Failed=1 Aborted=0

