[2016.01.20 17:21:43.155581][tc_case_demo_1]: start to run...
[2016.01.20 17:21:43.155644][tc_case_demo_1#tc_bye]: start to run...
[2016.01.20 17:21:43.155688][tc_case_demo_1#tc_bye]: test success.
[2016.01.20 17:21:43.155722][tc_case_demo_1#tc_bye]: stop running.
[2016.01.20 17:21:43.155751][tc_case_demo_1#tc_hello]: start to run...
[2016.01.20 17:21:43.155803][tc_case_demo_1#tc_hello]: test failed:
Traceback (most recent call last):
  File "exec.py", line 4, in tc_hello
    assert False, 'hello'
AssertionError: hello
[2016.01.20 17:21:43.156225][tc_case_demo_1#tc_hello]: stop running.
[2016.01.20 17:21:43.156273][tc_case_demo_1]: stop running.

Test Build          /Users/wangming/workspace/atrs/workbench/case/tc_case_demo_1
Start Time          2016.01.20 17:21:43.155550
Stop Time           2016.01.20 17:21:43.156309
Duration            0.000759 seconds
Statistics
    All=2 Passed=1 Failed=1 Aborted=0

