[2016.01.20 17:14:00.786944][tc_case_demo_1]: start to run...
[2016.01.20 17:14:00.787003][tc_case_demo_1#tc_bye]: start to run...
[2016.01.20 17:14:00.787051][tc_case_demo_1#tc_bye]: test success.
[2016.01.20 17:14:00.787088][tc_case_demo_1#tc_bye]: stop running.
[2016.01.20 17:14:00.787121][tc_case_demo_1#tc_hello]: start to run...
[2016.01.20 17:14:00.787171][tc_case_demo_1#tc_hello]: test failed:
Traceback (most recent call last):
  File "exec.py", line 4, in tc_hello
    assert False, 'hello'
AssertionError: hello
[2016.01.20 17:14:00.787346][tc_case_demo_1#tc_hello]: stop running.
[2016.01.20 17:14:00.787386][tc_case_demo_1]: stop running.

Test Build          /Users/wangming/workspace/atrs/workbench/case/tc_case_demo_1
Start Time          2016.01.20 17:14:00.786922
Stop Time           2016.01.20 17:14:00.787423
Duration            0.000501 seconds
Statistics
    All=2 Passed=1 Failed=1 Aborted=0

