[2016.01.20 17:18:04.718753][tc_case_demo_1]: start to run...
[2016.01.20 17:18:04.718807][tc_case_demo_1#tc_bye]: start to run...
[2016.01.20 17:18:04.718858][tc_case_demo_1#tc_bye]: test success.
[2016.01.20 17:18:04.718901][tc_case_demo_1#tc_bye]: stop running.
[2016.01.20 17:18:04.718936][tc_case_demo_1#tc_hello]: start to run...
[2016.01.20 17:18:04.718982][tc_case_demo_1#tc_hello]: test failed:
Traceback (most recent call last):
  File "exec.py", line 4, in tc_hello
    assert False, 'hello'
AssertionError: hello
[2016.01.20 17:18:04.719217][tc_case_demo_1#tc_hello]: stop running.
[2016.01.20 17:18:04.719269][tc_case_demo_1]: stop running.

Test Build          /Users/wangming/workspace/atrs/workbench/case/tc_case_demo_1
Start Time          2016.01.20 17:18:04.718734
Stop Time           2016.01.20 17:18:04.719308
Duration            0.000574 seconds
Statistics
    All=2 Passed=1 Failed=1 Aborted=0

