[2016.01.20 17:20:56.929998][tc_case_demo_1]: start to run...
[2016.01.20 17:20:56.930054][tc_case_demo_1#tc_bye]: start to run...
[2016.01.20 17:20:56.930104][tc_case_demo_1#tc_bye]: test success.
[2016.01.20 17:20:56.930133][tc_case_demo_1#tc_bye]: stop running.
[2016.01.20 17:20:56.930165][tc_case_demo_1#tc_hello]: start to run...
[2016.01.20 17:20:56.930220][tc_case_demo_1#tc_hello]: test failed:
Traceback (most recent call last):
  File "exec.py", line 4, in tc_hello
    assert False, 'hello'
AssertionError: hello
[2016.01.20 17:20:56.930400][tc_case_demo_1#tc_hello]: stop running.
[2016.01.20 17:20:56.930446][tc_case_demo_1]: stop running.

Test Build          /Users/wangming/workspace/atrs/workbench/case/tc_case_demo_1
Start Time          2016.01.20 17:20:56.929970
Stop Time           2016.01.20 17:20:56.930474
Duration            0.000504 seconds
Statistics
    All=2 Passed=1 Failed=1 Aborted=0

