[2016.01.20 17:23:44.835336][tc_case_demo_1]: start to run...
[2016.01.20 17:23:44.835402][tc_case_demo_1#tc_bye]: start to run...
[2016.01.20 17:23:44.835460][tc_case_demo_1#tc_bye]: test success.
[2016.01.20 17:23:44.835494][tc_case_demo_1#tc_bye]: stop running.
[2016.01.20 17:23:44.835531][tc_case_demo_1#tc_hello]: start to run...
[2016.01.20 17:23:44.835590][tc_case_demo_1#tc_hello]: test failed:
Traceback (most recent call last):
  File "exec.py", line 4, in tc_hello
    assert False, 'hello'
AssertionError: hello
[2016.01.20 17:23:44.836131][tc_case_demo_1#tc_hello]: stop running.
[2016.01.20 17:23:44.836196][tc_case_demo_1]: stop running.

Test Build          /Users/wangming/workspace/atrs/workbench/case/tc_case_demo_1
Start Time          2016.01.20 17:23:44.835315
Stop Time           2016.01.20 17:23:44.836244
Duration            0.000929 seconds
Statistics
    All=2 Passed=1 Failed=1 Aborted=0

