[2016.01.20 17:09:32.255678][tc_case_demo_1]: start to run...
[2016.01.20 17:09:32.255742][tc_case_demo_1#tc_bye]: start to run...
[2016.01.20 17:09:32.255791][tc_case_demo_1#tc_bye]: test success.
[2016.01.20 17:09:32.255832][tc_case_demo_1#tc_bye]: stop running.
[2016.01.20 17:09:32.255864][tc_case_demo_1#tc_hello]: start to run...
[2016.01.20 17:09:32.255903][tc_case_demo_1#tc_hello]: test failed:
Traceback (most recent call last):
  File "exec.py", line 4, in tc_hello
    assert False, 'hello'
AssertionError: hello
[2016.01.20 17:09:32.256346][tc_case_demo_1#tc_hello]: stop running.
[2016.01.20 17:09:32.256400][tc_case_demo_1]: stop running.

Test Build          /Users/wangming/workspace/atrs/workbench/case/tc_case_demo_1
Start Time          2016.01.20 17:09:32.255653
Stop Time           2016.01.20 17:09:32.256433
Duration            0.00078 seconds
Statistics
    All=2 Passed=1 Failed=1 Aborted=0

