[2016.01.20 17:18:23.806099][tc_case_demo_1]: start to run...
[2016.01.20 17:18:23.806166][tc_case_demo_1#tc_bye]: start to run...
[2016.01.20 17:18:23.806205][tc_case_demo_1#tc_bye]: test success.
[2016.01.20 17:18:23.806235][tc_case_demo_1#tc_bye]: stop running.
[2016.01.20 17:18:23.806260][tc_case_demo_1#tc_hello]: start to run...
[2016.01.20 17:18:23.806302][tc_case_demo_1#tc_hello]: test failed:
Traceback (most recent call last):
  File "exec.py", line 4, in tc_hello
    assert False, 'hello'
AssertionError: hello
[2016.01.20 17:18:23.806447][tc_case_demo_1#tc_hello]: stop running.
[2016.01.20 17:18:23.806481][tc_case_demo_1]: stop running.

Test Build          /Users/wangming/workspace/atrs/workbench/case/tc_case_demo_1
Start Time          2016.01.20 17:18:23.806080
Stop Time           2016.01.20 17:18:23.806510
Duration            0.00043 seconds
Statistics
    All=2 Passed=1 Failed=1 Aborted=0

