[2016.01.20 17:20:34.317597][tc_case_demo_1]: start to run...
[2016.01.20 17:20:34.317641][tc_case_demo_1#tc_bye]: start to run...
[2016.01.20 17:20:34.317689][tc_case_demo_1#tc_bye]: test success.
[2016.01.20 17:20:34.317724][tc_case_demo_1#tc_bye]: stop running.
[2016.01.20 17:20:34.317755][tc_case_demo_1#tc_hello]: start to run...
[2016.01.20 17:20:34.317803][tc_case_demo_1#tc_hello]: test failed:
Traceback (most recent call last):
  File "exec.py", line 4, in tc_hello
    assert False, 'hello'
AssertionError: hello
[2016.01.20 17:20:34.317941][tc_case_demo_1#tc_hello]: stop running.
[2016.01.20 17:20:34.317964][tc_case_demo_1]: stop running.

Test Build          /Users/wangming/workspace/atrs/workbench/case/tc_case_demo_1
Start Time          2016.01.20 17:20:34.317581
Stop Time           2016.01.20 17:20:34.317983
Duration            0.000402 seconds
Statistics
    All=2 Passed=1 Failed=1 Aborted=0

