[2016.01.20 17:19:56.170130][tc_case_demo_1]: start to run...
[2016.01.20 17:19:56.170179][tc_case_demo_1#tc_bye]: start to run...
[2016.01.20 17:19:56.170221][tc_case_demo_1#tc_bye]: test success.
[2016.01.20 17:19:56.170257][tc_case_demo_1#tc_bye]: stop running.
[2016.01.20 17:19:56.170328][tc_case_demo_1#tc_hello]: start to run...
[2016.01.20 17:19:56.170375][tc_case_demo_1#tc_hello]: test failed:
Traceback (most recent call last):
  File "exec.py", line 4, in tc_hello
    assert False, 'hello'
AssertionError: hello
[2016.01.20 17:19:56.170558][tc_case_demo_1#tc_hello]: stop running.
[2016.01.20 17:19:56.170594][tc_case_demo_1]: stop running.

Test Build          /Users/wangming/workspace/atrs/workbench/case/tc_case_demo_1
Start Time          2016.01.20 17:19:56.170108
Stop Time           2016.01.20 17:19:56.170618
Duration            0.00051 seconds
Statistics
    All=2 Passed=1 Failed=1 Aborted=0

