[2016.01.20 17:20:47.882932][tc_case_demo_1]: start to run...
[2016.01.20 17:20:47.882978][tc_case_demo_1#tc_bye]: start to run...
[2016.01.20 17:20:47.883007][tc_case_demo_1#tc_bye]: test success.
[2016.01.20 17:20:47.883029][tc_case_demo_1#tc_bye]: stop running.
[2016.01.20 17:20:47.883047][tc_case_demo_1#tc_hello]: start to run...
[2016.01.20 17:20:47.883080][tc_case_demo_1#tc_hello]: test failed:
Traceback (most recent call last):
  File "exec.py", line 4, in tc_hello
    assert False, 'hello'
AssertionError: hello
[2016.01.20 17:20:47.883205][tc_case_demo_1#tc_hello]: stop running.
[2016.01.20 17:20:47.883230][tc_case_demo_1]: stop running.

Test Build          /Users/wangming/workspace/atrs/workbench/case/tc_case_demo_1
Start Time          2016.01.20 17:20:47.882912
Stop Time           2016.01.20 17:20:47.883252
Duration            0.00034 seconds
Statistics
    All=2 Passed=1 Failed=1 Aborted=0

