[2016.01.21 09:29:12.606840][tc_case_demo_1]: start to run...
[2016.01.21 09:29:12.606950][tc_case_demo_1#tc_bye]: start to run...
[2016.01.21 09:29:12.607052][tc_case_demo_1#tc_bye]: test success.
[2016.01.21 09:29:12.607087][tc_case_demo_1#tc_bye]: stop running.
[2016.01.21 09:29:12.607111][tc_case_demo_1#tc_hello]: start to run...
[2016.01.21 09:29:12.607184][tc_case_demo_1#tc_hello]: test failed:
Traceback (most recent call last):
  File "exec.py", line 4, in tc_hello
    assert False, 'hello'
AssertionError: hello
[2016.01.21 09:29:12.607867][tc_case_demo_1#tc_hello]: stop running.
[2016.01.21 09:29:12.607920][tc_case_demo_1]: stop running.

Test Build          plan_demo
Start Time          2016.01.21 09:29:12.606796
Stop Time           2016.01.21 09:29:12.607972
Duration            0.001176 seconds
Statistics
    All=2 Passed=1 Failed=1 Aborted=0

